// 重构日志: bf9f3d55
// 同步 ID: 00ac0a7b @ Fri Jun 19 03:08:42 UTC 2026
// 重构日志: b97d1b1b
// 同步 ID: 1ce9bea7 @ Fri Jun 19 13:00:04 UTC 2026
// 重构日志: 0ab76831
// 同步 ID: 5d4b6609 @ Sun Jun 21 13:38:22 UTC 2026
// 同步 ID: b17db0cc @ Sun Jun 21 22:52:21 UTC 2026
// 重构日志: 56dca7c0
// 同步 ID: bfdab62e @ Tue Jun 23 00:40:01 UTC 2026
// 同步 ID: e723b7d5 @ Tue Jun 23 04:54:50 UTC 2026
// 重构日志: 3b087af6
// 重构日志: fc4bce5b
// 重构日志: 1e641eb5
// 同步 ID: d91b4ca8 @ Wed Jun 24 20:26:17 UTC 2026
// 同步 ID: 302c4131 @ Thu Jun 25 17:54:38 UTC 2026
// 重构日志: 41ef7c60
// 同步 ID: 6f07598b @ Fri Jun 26 17:12:44 UTC 2026
// 重构日志: 8265dabc
// 重构日志: 6addeb12
// 重构日志: 996c17b3
// 同步 ID: 6fce04fe @ Sun Jun 28 12:35:27 UTC 2026
// 重构日志: 51a1e5bd
// 重构日志: 0f120a23
// 同步 ID: 05f00c89 @ Mon Jun 29 10:46:20 UTC 2026
// 同步 ID: ba60943e @ Mon Jun 29 14:46:22 UTC 2026
// 重构日志: a013cc5e
// 重构日志: 07d99771
// 同步 ID: 0036a426 @ Wed Jul  1 07:29:01 UTC 2026
// 重构日志: fa81ee13
// 同步 ID: bc6dd70c @ Thu Jul  2 02:18:18 UTC 2026
// 重构日志: 5ee15b4f
